<?xml version="1.0" encoding="utf-8"?><testsuites name="pytest tests"><testsuite name="pytest" errors="0" failures="0" skipped="0" tests="12" time="0.895" timestamp="2026-07-03T10:33:14.668113+00:00" hostname="agent-env-57655de2-7d0b-4fc8-9a9e-14eea3e4d478"><testcase classname="backend.tests.backend_test.TestPatient" name="test_patient" time="0.248" /><testcase classname="backend.tests.backend_test.TestDoctors" name="test_list_doctors" time="0.050" /><testcase classname="backend.tests.backend_test.TestDoctors" name="test_get_doctor" time="0.047" /><testcase classname="backend.tests.backend_test.TestDoctors" name="test_get_doctor_404" time="0.048" /><testcase classname="backend.tests.backend_test.TestAppointments" name="test_list_appointments" time="0.048" /><testcase classname="backend.tests.backend_test.TestAppointments" name="test_filter_by_doctor" time="0.047" /><testcase classname="backend.tests.backend_test.TestAppointments" name="test_create_appointment_success" time="0.092" /><testcase classname="backend.tests.backend_test.TestAppointments" name="test_create_appointment_unknown_doctor" time="0.048" /><testcase classname="backend.tests.backend_test.TestPrescriptions" name="test_list_prescriptions" time="0.052" /><testcase classname="backend.tests.backend_test.TestPrescriptions" name="test_get_prescription" time="0.046" /><testcase classname="backend.tests.backend_test.TestPrescriptions" name="test_filter_prescription_by_doctor" time="0.047" /><testcase classname="backend.tests.backend_test.TestHealthTips" name="test_list" time="0.048" /></testsuite></testsuites>